1.3208 	WARNING 	We strongly recommend you activate the PTB sound engine in PsychoPy prefs as the preferred audio engine. Its timing is vastly superior. Your prefs are currently set to use ['sounddevice', 'PTB', 'pyo', 'pygame'] (in that order).
5.8147 	EXP 	Created window1 = Window(allowGUI=True, allowStencil=False, autoLog=True, backendConf=UNKNOWN, bitsMode=UNKNOWN, blendMode='avg', bpc=(8, 8, 8), color=array([0, 0, 0]), colorSpace='rgb', depthBits=8, fullscr=<method-wrapper '__getattribute__' of attributeSetter object at 0x000002705EE52340>, gamma=None, gammaErrorPolicy='raise', lms=UNKNOWN, monitor=<psychopy.monitors.calibTools.Monitor object at 0x00000270090157C0>, multiSample=False, name='window1', numSamples=2, pos=(540, 325), screen=0, size=array([600, 400]), stencilBits=0, stereo=False, units='height', useFBO=True, useRetina=False, viewOri=0.0, viewPos=None, viewScale=None, waitBlanking=True, winType='pyglet')
5.8150 	EXP 	window1: mouseVisible = True
5.8151 	EXP 	window1: mouseVisible = True
5.8152 	EXP 	window1: Attempting to measure frame rate of screen (0) ...
5.8152 	EXP 	window1: recordFrameIntervals = False
5.9800 	EXP 	window1: recordFrameIntervals = True
6.1637 	EXP 	Screen (0) actual frame rate measured at 59.96Hz
6.1638 	EXP 	window1: recordFrameIntervals = False
6.2597 	WARNING 	launchHubServer: If using the iohub mouse or eyetracker devices, fullScr should be True.
7.6417 	EXP 	Created text_11 = TextStim(__class__=<class 'psychopy.visual.text.TextStim'>, alignHoriz=method-wrapper(...), alignText='center', alignVert=method-wrapper(...), anchorHoriz='center', anchorVert='center', antialias=True, autoDraw=False, autoLog=True, bold=False, color=array([1, 1, 1]), colorSpace='rgb', contrast=1.0, depth=-1.0, flipHoriz=False, flipVert=False, font='Open Sans', fontFiles=[], height=0.05, italic=False, languageStyle='LTR', name='text_11', opacity=1.0, ori=0.0, pos=array([0., 0.]), rgb=UNKNOWN, text='', units='height', win=Window(...), wrapWidth=1)
7.6422 	EXP 	Created text_10 = TextStim(__class__=<class 'psychopy.visual.text.TextStim'>, alignHoriz=method-wrapper(...), alignText='center', alignVert=method-wrapper(...), anchorHoriz='center', anchorVert='center', antialias=True, autoDraw=False, autoLog=True, bold=False, color=array([1, 1, 1]), colorSpace='rgb', contrast=1.0, depth=-1.0, flipHoriz=False, flipVert=False, font='Open Sans', fontFiles=[], height=0.05, italic=False, languageStyle='LTR', name='text_10', opacity=1.0, ori=0.0, pos=array([0., 0.]), rgb=UNKNOWN, text='', units='height', win=Window(...), wrapWidth=1)
7.6911 	EXP 	Created stroop_instruct_text = TextStim(__class__=<class 'psychopy.visual.text.TextStim'>, alignHoriz=method-wrapper(...), alignText='center', alignVert=method-wrapper(...), anchorHoriz='center', anchorVert='center', antialias=True, autoDraw=False, autoLog=True, bold=False, color=array([1, 1, 1]), colorSpace='rgb', contrast=1.0, depth=0.0, flipHoriz=False, flipVert=False, font='Open Sans', fontFiles=[], height=0.05, italic=False, languageStyle='LTR', name='stroop_instruct_text', opacity=1.0, ori=0.0, pos=array([0., 0.]), rgb=UNKNOWN, text=str(...), units='height', win=Window(...), wrapWidth=1)
7.6916 	EXP 	Created stroop_practice_text = TextStim(__class__=<class 'psychopy.visual.text.TextStim'>, alignHoriz=method-wrapper(...), alignText='center', alignVert=method-wrapper(...), anchorHoriz='center', anchorVert='center', antialias=True, autoDraw=False, autoLog=True, bold=False, color=array([1, 1, 1]), colorSpace='rgb', contrast=1.0, depth=-1.0, flipHoriz=False, flipVert=False, font='Open Sans', fontFiles=[], height=0.05, italic=False, languageStyle='LTR', name='stroop_practice_text', opacity=1.0, ori=0.0, pos=array([0., 0.]), rgb=UNKNOWN, text='', units='height', win=Window(...), wrapWidth=1)
7.6921 	EXP 	Created feedback_text = TextStim(__class__=<class 'psychopy.visual.text.TextStim'>, alignHoriz=method-wrapper(...), alignText='center', alignVert=method-wrapper(...), anchorHoriz='center', anchorVert='center', antialias=True, autoDraw=False, autoLog=True, bold=False, color=array([1, 1, 1]), colorSpace='rgb', contrast=1.0, depth=-1.0, flipHoriz=False, flipVert=False, font='Open Sans', fontFiles=[], height=0.05, italic=False, languageStyle='LTR', name='feedback_text', opacity=1.0, ori=0.0, pos=array([0., 0.]), rgb=UNKNOWN, text='', units='height', win=Window(...), wrapWidth=1)
7.6944 	EXP 	Created text_5 = TextStim(__class__=<class 'psychopy.visual.text.TextStim'>, alignHoriz=method-wrapper(...), alignText='center', alignVert=method-wrapper(...), anchorHoriz='center', anchorVert='center', antialias=True, autoDraw=False, autoLog=True, bold=False, color=array([1, 1, 1]), colorSpace='rgb', contrast=1.0, depth=-2.0, flipHoriz=False, flipVert=False, font='Open Sans', fontFiles=[], height=0.05, italic=False, languageStyle='LTR', name='text_5', opacity=1.0, ori=0.0, pos=array([ 0. , -0.3]), rgb=UNKNOWN, text='Press SPACE to continue.', units='height', win=Window(...), wrapWidth=1)
7.7062 	EXP 	Created text_7 = TextStim(__class__=<class 'psychopy.visual.text.TextStim'>, alignHoriz=method-wrapper(...), alignText='center', alignVert=method-wrapper(...), anchorHoriz='center', anchorVert='center', antialias=True, autoDraw=False, autoLog=True, bold=False, color=array([1, 1, 1]), colorSpace='rgb', contrast=1.0, depth=0.0, flipHoriz=False, flipVert=False, font='Open Sans', fontFiles=[], height=0.05, italic=False, languageStyle='LTR', name='text_7', opacity=1.0, ori=0.0, pos=array([0., 0.]), rgb=UNKNOWN, text=str(...), units='height', win=Window(...), wrapWidth=1)
7.7067 	EXP 	Created trial_text = TextStim(__class__=<class 'psychopy.visual.text.TextStim'>, alignHoriz=method-wrapper(...), alignText='center', alignVert=method-wrapper(...), anchorHoriz='center', anchorVert='center', antialias=True, autoDraw=False, autoLog=True, bold=False, color=array([1, 1, 1]), colorSpace='rgb', contrast=1.0, depth=-1.0, flipHoriz=False, flipVert=False, font='Open Sans', fontFiles=[], height=0.05, italic=False, languageStyle='LTR', name='trial_text', opacity=1.0, ori=0.0, pos=array([0., 0.]), rgb=UNKNOWN, text='', units='height', win=Window(...), wrapWidth=1)
7.7072 	EXP 	Created text_4 = TextStim(__class__=<class 'psychopy.visual.text.TextStim'>, alignHoriz=method-wrapper(...), alignText='center', alignVert=method-wrapper(...), anchorHoriz='center', anchorVert='center', antialias=True, autoDraw=False, autoLog=True, bold=False, color=array([1, 1, 1]), colorSpace='rgb', contrast=1.0, depth=-1.0, flipHoriz=False, flipVert=False, font='Open Sans', fontFiles=[], height=0.05, italic=False, languageStyle='LTR', name='text_4', opacity=1.0, ori=0.0, pos=array([-0.25,  0.  ]), rgb=UNKNOWN, text='', units='height', win=Window(...), wrapWidth=1)
7.7076 	EXP 	Created text_6 = TextStim(__class__=<class 'psychopy.visual.text.TextStim'>, alignHoriz=method-wrapper(...), alignText='center', alignVert=method-wrapper(...), anchorHoriz='center', anchorVert='center', antialias=True, autoDraw=False, autoLog=True, bold=False, color=array([1, 1, 1]), colorSpace='rgb', contrast=1.0, depth=-2.0, flipHoriz=False, flipVert=False, font='Open Sans', fontFiles=[], height=0.05, italic=False, languageStyle='LTR', name='text_6', opacity=1.0, ori=0.0, pos=array([0.25, 0.  ]), rgb=UNKNOWN, text='', units='height', win=Window(...), wrapWidth=1)
7.7081 	EXP 	Created text_8 = TextStim(__class__=<class 'psychopy.visual.text.TextStim'>, alignHoriz=method-wrapper(...), alignText='center', alignVert=method-wrapper(...), anchorHoriz='center', anchorVert='center', antialias=True, autoDraw=False, autoLog=True, bold=False, color=array([1, 1, 1]), colorSpace='rgb', contrast=1.0, depth=-3.0, flipHoriz=False, flipVert=False, font='Open Sans', fontFiles=[], height=0.05, italic=False, languageStyle='LTR', name='text_8', opacity=1.0, ori=0.0, pos=array([0., 0.]), rgb=UNKNOWN, text='', units='height', win=Window(...), wrapWidth=1)
7.7202 	EXP 	Created feedback_text_2 = TextStim(__class__=<class 'psychopy.visual.text.TextStim'>, alignHoriz=method-wrapper(...), alignText='center', alignVert=method-wrapper(...), anchorHoriz='center', anchorVert='center', antialias=True, autoDraw=False, autoLog=True, bold=False, color=array([1, 1, 1]), colorSpace='rgb', contrast=1.0, depth=-1.0, flipHoriz=False, flipVert=False, font='Open Sans', fontFiles=[], height=0.05, italic=False, languageStyle='LTR', name='feedback_text_2', opacity=1.0, ori=0.0, pos=array([0., 0.]), rgb=UNKNOWN, text='', units='height', win=Window(...), wrapWidth=1)
7.7228 	EXP 	Created text_9 = TextStim(__class__=<class 'psychopy.visual.text.TextStim'>, alignHoriz=method-wrapper(...), alignText='center', alignVert=method-wrapper(...), anchorHoriz='center', anchorVert='center', antialias=True, autoDraw=False, autoLog=True, bold=False, color=array([1, 1, 1]), colorSpace='rgb', contrast=1.0, depth=-2.0, flipHoriz=False, flipVert=False, font='Open Sans', fontFiles=[], height=0.05, italic=False, languageStyle='LTR', name='text_9', opacity=1.0, ori=0.0, pos=array([ 0. , -0.3]), rgb=UNKNOWN, text='Press SPACE to continue.', units='height', win=Window(...), wrapWidth=1)
7.7233 	EXP 	Created text = TextStim(__class__=<class 'psychopy.visual.text.TextStim'>, alignHoriz=method-wrapper(...), alignText='center', alignVert=method-wrapper(...), anchorHoriz='center', anchorVert='center', antialias=True, autoDraw=False, autoLog=True, bold=False, color=array([1, 1, 1]), colorSpace='rgb', contrast=1.0, depth=-1.0, flipHoriz=False, flipVert=False, font='Open Sans', fontFiles=[], height=0.05, italic=False, languageStyle='LTR', name='text', opacity=1.0, ori=0.0, pos=array([-0.25,  0.  ]), rgb=UNKNOWN, text='', units='height', win=Window(...), wrapWidth=1)
7.7237 	EXP 	Created text_2 = TextStim(__class__=<class 'psychopy.visual.text.TextStim'>, alignHoriz=method-wrapper(...), alignText='center', alignVert=method-wrapper(...), anchorHoriz='center', anchorVert='center', antialias=True, autoDraw=False, autoLog=True, bold=False, color=array([1, 1, 1]), colorSpace='rgb', contrast=1.0, depth=-2.0, flipHoriz=False, flipVert=False, font='Open Sans', fontFiles=[], height=0.05, italic=False, languageStyle='LTR', name='text_2', opacity=1.0, ori=0.0, pos=array([0.25, 0.  ]), rgb=UNKNOWN, text='', units='height', win=Window(...), wrapWidth=1)
7.7241 	EXP 	Created text_3 = TextStim(__class__=<class 'psychopy.visual.text.TextStim'>, alignHoriz=method-wrapper(...), alignText='center', alignVert=method-wrapper(...), anchorHoriz='center', anchorVert='center', antialias=True, autoDraw=False, autoLog=True, bold=False, color=array([1, 1, 1]), colorSpace='rgb', contrast=1.0, depth=-3.0, flipHoriz=False, flipVert=False, font='Open Sans', fontFiles=[], height=0.05, italic=False, languageStyle='LTR', name='text_3', opacity=1.0, ori=0.0, pos=array([0., 0.]), rgb=UNKNOWN, text='', units='height', win=Window(...), wrapWidth=1)
7.7390 	EXP 	Created end_text = TextStim(__class__=<class 'psychopy.visual.text.TextStim'>, alignHoriz=method-wrapper(...), alignText='center', alignVert=method-wrapper(...), anchorHoriz='center', anchorVert='center', antialias=True, autoDraw=False, autoLog=True, bold=False, color=array([1, 1, 1]), colorSpace='rgb', contrast=1.0, depth=0.0, flipHoriz=False, flipVert=False, font='Open Sans', fontFiles=[], height=0.05, italic=False, languageStyle='LTR', name='end_text', opacity=1.0, ori=0.0, pos=array([0., 0.]), rgb=UNKNOWN, text=str(...), units='height', win=Window(...), wrapWidth=1)
7.7458 	EXP 	textbox_2: autoLog = True
7.7458 	EXP 	textbox: autoLog = True
8.7412 	EXP 	Imported block_scheduler.csv as conditions, 8 conditions, 6 params
8.7418 	EXP 	Created sequence: sequential, trialTypes=8, nReps=1, seed=None
8.7423 	EXP 	New trial (rep=0, index=0): OrderedDict([('task_name', 'Acquisition Start'), ('duration', 1), ('task_type', 'acq_start'), ('task_parameters', None), ('start_trigger', 128), ('end_trigger', 129)])
8.7433 	EXP 	Created sequence: random, trialTypes=1, nReps=1, seed=None
8.7435 	EXP 	New trial (rep=0, index=0): None
8.7669 	EXP 	text_11: autoDraw = True
9.7483 	EXP 	Created sequence: sequential, trialTypes=1, nReps=0, seed=None
9.7485 	EXP 	Created sequence: random, trialTypes=1, nReps=0, seed=None
9.7486 	EXP 	Created sequence: random, trialTypes=1, nReps=0, seed=None
9.7488 	EXP 	New trial (rep=0, index=1): OrderedDict([('task_name', 'Wait 1'), ('duration', 5), ('task_type', 'wait'), ('task_parameters', None), ('start_trigger', 130), ('end_trigger', 131)])
9.7492 	EXP 	Created sequence: random, trialTypes=1, nReps=0, seed=None
9.7494 	EXP 	Created sequence: sequential, trialTypes=1, nReps=1, seed=None
9.7495 	EXP 	New trial (rep=0, index=0): None
9.7643 	EXP 	text_11: autoDraw = False
9.7643 	EXP 	text_11: autoDraw = False
9.7643 	EXP 	text_10: autoDraw = True
14.7524 	EXP 	Created sequence: random, trialTypes=1, nReps=0, seed=None
14.7527 	EXP 	Created sequence: random, trialTypes=1, nReps=0, seed=None
14.7529 	EXP 	New trial (rep=0, index=2): OrderedDict([('task_name', 'Stroop English'), ('duration', 10), ('task_type', 'stroop'), ('task_parameters', "{'filename': 'stroop-eng-'}"), ('start_trigger', 132), ('end_trigger', 133)])
14.7536 	EXP 	Created sequence: random, trialTypes=1, nReps=0, seed=None
14.7538 	EXP 	Created sequence: sequential, trialTypes=1, nReps=0, seed=None
14.7541 	EXP 	Created sequence: random, trialTypes=1, nReps=1, seed=None
14.7542 	EXP 	New trial (rep=0, index=0): None
14.7682 	EXP 	text_10: autoDraw = False
14.7682 	EXP 	text_10: autoDraw = False
14.7682 	EXP 	stroop_instruct_text: autoDraw = True
16.9412 	EXP 	Imported stroop_stim.csv as conditions, 9 conditions, 3 params
16.9417 	EXP 	Created sequence: random, trialTypes=9, nReps=1, seed=None
16.9420 	EXP 	New trial (rep=0, index=0): OrderedDict([('word', 'RED'), ('color', 'blue'), ('congruency', 'incongruent')])
16.9463 	DATA 	Keypress: space
16.9705 	EXP 	stroop_instruct_text: autoDraw = False
16.9705 	EXP 	stroop_practice_text: foreColor = <psychopy.colors.Color: blue, alpha=1.0>
16.9705 	EXP 	stroop_practice_text: height = 0.05
16.9705 	EXP 	stroop_practice_text: height = 0.05
16.9705 	EXP 	stroop_practice_text: height = 0.05
16.9705 	EXP 	stroop_practice_text: text = 'RED'
16.9705 	EXP 	stroop_practice_text: autoDraw = True
19.8570 	DATA 	Keypress: t
21.0639 	DATA 	Keypress: r
21.0742 	EXP 	stroop_practice_text: autoDraw = False
21.0742 	EXP 	feedback_text: height = 0.05
21.0742 	EXP 	feedback_text: height = 0.05
21.0742 	EXP 	feedback_text: height = 0.05
21.0742 	EXP 	feedback_text: text = 'That was incorrect. The color was blue, so you should have pressed the B key.'
21.0742 	EXP 	feedback_text: autoDraw = True
21.0742 	EXP 	text_5: autoDraw = True
23.2098 	EXP 	New trial (rep=0, index=1): OrderedDict([('word', 'RED'), ('color', 'green'), ('congruency', 'incongruent')])
23.2117 	DATA 	Keypress: space
23.2247 	EXP 	feedback_text: autoDraw = False
23.2247 	EXP 	text_5: autoDraw = False
23.2247 	EXP 	stroop_practice_text: foreColor = <psychopy.colors.Color: green, alpha=1.0>
23.2247 	EXP 	stroop_practice_text: text = 'RED'
23.2247 	EXP 	stroop_practice_text: autoDraw = True
23.4530 	DATA 	Keypress: r
23.4582 	EXP 	stroop_practice_text: autoDraw = False
23.4582 	EXP 	feedback_text: height = 0.05
23.4582 	EXP 	feedback_text: height = 0.05
23.4582 	EXP 	feedback_text: height = 0.05
23.4582 	EXP 	feedback_text: text = 'That was incorrect. The color was green, so you should have pressed the G key.'
23.4582 	EXP 	feedback_text: autoDraw = True
23.4582 	EXP 	text_5: autoDraw = True
23.6428 	EXP 	New trial (rep=0, index=2): OrderedDict([('word', 'GREEN'), ('color', 'green'), ('congruency', 'congruent')])
23.6468 	DATA 	Keypress: space
23.6583 	EXP 	feedback_text: autoDraw = False
23.6583 	EXP 	text_5: autoDraw = False
23.6583 	EXP 	stroop_practice_text: foreColor = <psychopy.colors.Color: green, alpha=1.0>
23.6583 	EXP 	stroop_practice_text: height = 0.05
23.6583 	EXP 	stroop_practice_text: height = 0.05
23.6583 	EXP 	stroop_practice_text: height = 0.05
23.6583 	EXP 	stroop_practice_text: text = 'GREEN'
23.6583 	EXP 	stroop_practice_text: autoDraw = True
23.7274 	DATA 	Keypress: r
23.7417 	EXP 	stroop_practice_text: autoDraw = False
23.7417 	EXP 	feedback_text: text = 'That was incorrect. The color was green, so you should have pressed the G key.'
23.7417 	EXP 	feedback_text: autoDraw = True
23.7417 	EXP 	text_5: autoDraw = True
23.9097 	EXP 	New trial (rep=0, index=3): OrderedDict([('word', 'BLUE'), ('color', 'green'), ('congruency', 'incongruent')])
23.9131 	DATA 	Keypress: space
23.9251 	EXP 	feedback_text: autoDraw = False
23.9251 	EXP 	text_5: autoDraw = False
23.9251 	EXP 	stroop_practice_text: foreColor = <psychopy.colors.Color: green, alpha=1.0>
23.9251 	EXP 	stroop_practice_text: height = 0.05
23.9251 	EXP 	stroop_practice_text: height = 0.05
23.9251 	EXP 	stroop_practice_text: height = 0.05
23.9251 	EXP 	stroop_practice_text: text = 'BLUE'
23.9251 	EXP 	stroop_practice_text: autoDraw = True
23.9941 	DATA 	Keypress: r
24.0086 	EXP 	stroop_practice_text: autoDraw = False
24.0086 	EXP 	feedback_text: text = 'That was incorrect. The color was green, so you should have pressed the G key.'
24.0086 	EXP 	feedback_text: autoDraw = True
24.0086 	EXP 	text_5: autoDraw = True
24.1598 	EXP 	New trial (rep=0, index=4): OrderedDict([('word', 'GREEN'), ('color', 'red'), ('congruency', 'incongruent')])
24.1633 	DATA 	Keypress: space
24.1753 	EXP 	feedback_text: autoDraw = False
24.1753 	EXP 	text_5: autoDraw = False
24.1753 	EXP 	stroop_practice_text: foreColor = <psychopy.colors.Color: red, alpha=1.0>
24.1753 	EXP 	stroop_practice_text: height = 0.05
24.1753 	EXP 	stroop_practice_text: height = 0.05
24.1753 	EXP 	stroop_practice_text: height = 0.05
24.1753 	EXP 	stroop_practice_text: text = 'GREEN'
24.1753 	EXP 	stroop_practice_text: autoDraw = True
24.2801 	DATA 	Keypress: r
24.2921 	EXP 	stroop_practice_text: autoDraw = False
24.2921 	EXP 	feedback_text: height = 0.05
24.2921 	EXP 	feedback_text: height = 0.05
24.2921 	EXP 	feedback_text: height = 0.05
24.2921 	EXP 	feedback_text: text = 'Correct!'
24.2921 	EXP 	feedback_text: autoDraw = True
24.2921 	EXP 	text_5: autoDraw = True
24.4602 	EXP 	New trial (rep=0, index=5): OrderedDict([('word', 'BLUE'), ('color', 'red'), ('congruency', 'incongruent')])
24.4636 	DATA 	Keypress: space
24.4756 	EXP 	feedback_text: autoDraw = False
24.4756 	EXP 	text_5: autoDraw = False
24.4756 	EXP 	stroop_practice_text: foreColor = <psychopy.colors.Color: red, alpha=1.0>
24.4756 	EXP 	stroop_practice_text: height = 0.05
24.4756 	EXP 	stroop_practice_text: height = 0.05
24.4756 	EXP 	stroop_practice_text: height = 0.05
24.4756 	EXP 	stroop_practice_text: text = 'BLUE'
24.4756 	EXP 	stroop_practice_text: autoDraw = True
24.5614 	DATA 	Keypress: r
24.5756 	EXP 	stroop_practice_text: autoDraw = False
24.5756 	EXP 	feedback_text: text = 'Correct!'
24.5756 	EXP 	feedback_text: autoDraw = True
24.5756 	EXP 	text_5: autoDraw = True
24.9110 	DATA 	Keypress: r
24.9938 	EXP 	New trial (rep=0, index=6): OrderedDict([('word', 'RED'), ('color', 'red'), ('congruency', 'congruent')])
24.9973 	DATA 	Keypress: space
25.0093 	EXP 	feedback_text: autoDraw = False
25.0093 	EXP 	text_5: autoDraw = False
25.0093 	EXP 	stroop_practice_text: foreColor = <psychopy.colors.Color: red, alpha=1.0>
25.0093 	EXP 	stroop_practice_text: height = 0.05
25.0093 	EXP 	stroop_practice_text: height = 0.05
25.0093 	EXP 	stroop_practice_text: height = 0.05
25.0093 	EXP 	stroop_practice_text: text = 'RED'
25.0093 	EXP 	stroop_practice_text: autoDraw = True
25.2953 	DATA 	Keypress: r
25.3095 	EXP 	stroop_practice_text: autoDraw = False
25.3095 	EXP 	feedback_text: text = 'Correct!'
25.3095 	EXP 	feedback_text: autoDraw = True
25.3095 	EXP 	text_5: autoDraw = True
25.3275 	EXP 	New trial (rep=0, index=7): OrderedDict([('word', 'BLUE'), ('color', 'blue'), ('congruency', 'congruent')])
25.3312 	DATA 	Keypress: space
25.3429 	EXP 	feedback_text: autoDraw = False
25.3429 	EXP 	text_5: autoDraw = False
25.3429 	EXP 	stroop_practice_text: foreColor = <psychopy.colors.Color: blue, alpha=1.0>
25.3429 	EXP 	stroop_practice_text: height = 0.05
25.3429 	EXP 	stroop_practice_text: height = 0.05
25.3429 	EXP 	stroop_practice_text: height = 0.05
25.3429 	EXP 	stroop_practice_text: text = 'BLUE'
25.3429 	EXP 	stroop_practice_text: autoDraw = True
25.7279 	DATA 	Keypress: space
25.8174 	DATA 	Keypress: r
25.8266 	EXP 	stroop_practice_text: autoDraw = False
25.8266 	EXP 	feedback_text: height = 0.05
25.8266 	EXP 	feedback_text: height = 0.05
25.8266 	EXP 	feedback_text: height = 0.05
25.8266 	EXP 	feedback_text: text = 'That was incorrect. The color was blue, so you should have pressed the B key.'
25.8266 	EXP 	feedback_text: autoDraw = True
25.8266 	EXP 	text_5: autoDraw = True
26.5782 	EXP 	New trial (rep=0, index=8): OrderedDict([('word', 'GREEN'), ('color', 'blue'), ('congruency', 'incongruent')])
26.5814 	DATA 	Keypress: space
26.5939 	EXP 	feedback_text: autoDraw = False
26.5939 	EXP 	text_5: autoDraw = False
26.5939 	EXP 	stroop_practice_text: foreColor = <psychopy.colors.Color: blue, alpha=1.0>
26.5939 	EXP 	stroop_practice_text: height = 0.05
26.5939 	EXP 	stroop_practice_text: height = 0.05
26.5939 	EXP 	stroop_practice_text: height = 0.05
26.5939 	EXP 	stroop_practice_text: text = 'GREEN'
26.5939 	EXP 	stroop_practice_text: autoDraw = True
26.9966 	DATA 	Keypress: r
27.0109 	EXP 	stroop_practice_text: autoDraw = False
27.0109 	EXP 	feedback_text: text = 'That was incorrect. The color was blue, so you should have pressed the B key.'
27.0109 	EXP 	feedback_text: autoDraw = True
27.0109 	EXP 	text_5: autoDraw = True
27.4968 	DATA 	Keypress: space
27.5114 	EXP 	feedback_text: autoDraw = False
27.5114 	EXP 	text_5: autoDraw = False
27.5114 	EXP 	text_7: autoDraw = True
29.9682 	EXP 	Imported stroop_stim.csv as conditions, 9 conditions, 3 params
30.0420 	EXP 	Created sequence: random, trialTypes=9, nReps=10000, seed=None
30.0610 	EXP 	New trial (rep=0, index=0): OrderedDict([('word', 'BLUE'), ('color', 'blue'), ('congruency', 'congruent')])
30.0636 	DATA 	Keypress: space
30.0795 	EXP 	text_7: autoDraw = False
30.0795 	EXP 	trial_text: foreColor = <psychopy.colors.Color: blue, alpha=1.0>
30.0795 	EXP 	trial_text: height = 0.05
30.0795 	EXP 	trial_text: height = 0.05
30.0795 	EXP 	trial_text: height = 0.05
30.0795 	EXP 	trial_text: text = 'BLUE'
30.0795 	EXP 	trial_text: autoDraw = True
32.2726 	EXP 	New trial (rep=0, index=1): OrderedDict([('word', 'GREEN'), ('color', 'green'), ('congruency', 'congruent')])
32.2748 	DATA 	Keypress: r
32.2812 	EXP 	trial_text: autoDraw = False
32.2812 	EXP 	trial_text: foreColor = <psychopy.colors.Color: green, alpha=1.0>
32.2812 	EXP 	trial_text: height = 0.05
32.2812 	EXP 	trial_text: height = 0.05
32.2812 	EXP 	trial_text: height = 0.05
32.2812 	EXP 	trial_text: text = 'GREEN'
32.2812 	EXP 	trial_text: autoDraw = True
32.5332 	DATA 	Keypress: space
32.8665 	EXP 	New trial (rep=0, index=2): OrderedDict([('word', 'BLUE'), ('color', 'green'), ('congruency', 'incongruent')])
32.8685 	DATA 	Keypress: r
32.8817 	EXP 	trial_text: autoDraw = False
32.8817 	EXP 	trial_text: foreColor = <psychopy.colors.Color: green, alpha=1.0>
32.8817 	EXP 	trial_text: height = 0.05
32.8817 	EXP 	trial_text: height = 0.05
32.8817 	EXP 	trial_text: height = 0.05
32.8817 	EXP 	trial_text: text = 'BLUE'
32.8817 	EXP 	trial_text: autoDraw = True
33.6676 	DATA 	Keypress: space
34.0339 	EXP 	New trial (rep=0, index=3): OrderedDict([('word', 'RED'), ('color', 'red'), ('congruency', 'congruent')])
34.0359 	DATA 	Keypress: r
34.0491 	EXP 	trial_text: autoDraw = False
34.0491 	EXP 	trial_text: foreColor = <psychopy.colors.Color: red, alpha=1.0>
34.0491 	EXP 	trial_text: height = 0.05
34.0491 	EXP 	trial_text: height = 0.05
34.0491 	EXP 	trial_text: height = 0.05
34.0491 	EXP 	trial_text: text = 'RED'
34.0491 	EXP 	trial_text: autoDraw = True
34.3047 	EXP 	New trial (rep=0, index=4): OrderedDict([('word', 'RED'), ('color', 'green'), ('congruency', 'incongruent')])
34.3055 	DATA 	Keypress: r
34.3160 	EXP 	trial_text: autoDraw = False
34.3160 	EXP 	trial_text: foreColor = <psychopy.colors.Color: green, alpha=1.0>
34.3160 	EXP 	trial_text: text = 'RED'
34.3160 	EXP 	trial_text: autoDraw = True
34.9941 	EXP 	New trial (rep=0, index=5): OrderedDict([('word', 'RED'), ('color', 'blue'), ('congruency', 'incongruent')])
34.9949 	DATA 	Keypress: r
34.9999 	EXP 	trial_text: autoDraw = False
34.9999 	EXP 	trial_text: foreColor = <psychopy.colors.Color: blue, alpha=1.0>
34.9999 	EXP 	trial_text: text = 'RED'
34.9999 	EXP 	trial_text: autoDraw = True
36.1785 	EXP 	New trial (rep=0, index=6): OrderedDict([('word', 'GREEN'), ('color', 'blue'), ('congruency', 'incongruent')])
36.1806 	DATA 	Keypress: r
36.1843 	EXP 	trial_text: autoDraw = False
36.1843 	EXP 	trial_text: foreColor = <psychopy.colors.Color: blue, alpha=1.0>
36.1843 	EXP 	trial_text: height = 0.05
36.1843 	EXP 	trial_text: height = 0.05
36.1843 	EXP 	trial_text: height = 0.05
36.1843 	EXP 	trial_text: text = 'GREEN'
36.1843 	EXP 	trial_text: autoDraw = True
36.6125 	EXP 	New trial (rep=0, index=7): OrderedDict([('word', 'BLUE'), ('color', 'red'), ('congruency', 'incongruent')])
36.6145 	DATA 	Keypress: r
36.6177 	EXP 	trial_text: autoDraw = False
36.6177 	EXP 	trial_text: foreColor = <psychopy.colors.Color: red, alpha=1.0>
36.6177 	EXP 	trial_text: height = 0.05
36.6177 	EXP 	trial_text: height = 0.05
36.6177 	EXP 	trial_text: height = 0.05
36.6177 	EXP 	trial_text: text = 'BLUE'
36.6177 	EXP 	trial_text: autoDraw = True
36.9100 	EXP 	New trial (rep=0, index=8): OrderedDict([('word', 'GREEN'), ('color', 'red'), ('congruency', 'incongruent')])
36.9122 	DATA 	Keypress: r
36.9181 	EXP 	trial_text: autoDraw = False
36.9181 	EXP 	trial_text: foreColor = <psychopy.colors.Color: red, alpha=1.0>
36.9181 	EXP 	trial_text: height = 0.05
36.9181 	EXP 	trial_text: height = 0.05
36.9181 	EXP 	trial_text: height = 0.05
36.9181 	EXP 	trial_text: text = 'GREEN'
36.9181 	EXP 	trial_text: autoDraw = True
37.1445 	EXP 	New trial (rep=1, index=0): OrderedDict([('word', 'GREEN'), ('color', 'blue'), ('congruency', 'incongruent')])
37.1453 	DATA 	Keypress: r
37.1515 	EXP 	trial_text: autoDraw = False
37.1515 	EXP 	trial_text: foreColor = <psychopy.colors.Color: blue, alpha=1.0>
37.1515 	EXP 	trial_text: text = 'GREEN'
37.1515 	EXP 	trial_text: autoDraw = True
37.3241 	EXP 	New trial (rep=1, index=1): OrderedDict([('word', 'BLUE'), ('color', 'blue'), ('congruency', 'congruent')])
37.3262 	DATA 	Keypress: r
37.3349 	EXP 	trial_text: autoDraw = False
37.3349 	EXP 	trial_text: foreColor = <psychopy.colors.Color: blue, alpha=1.0>
37.3349 	EXP 	trial_text: height = 0.05
37.3349 	EXP 	trial_text: height = 0.05
37.3349 	EXP 	trial_text: height = 0.05
37.3349 	EXP 	trial_text: text = 'BLUE'
37.3349 	EXP 	trial_text: autoDraw = True
37.5619 	EXP 	New trial (rep=1, index=2): OrderedDict([('word', 'RED'), ('color', 'blue'), ('congruency', 'incongruent')])
37.5640 	DATA 	Keypress: r
37.5686 	EXP 	trial_text: autoDraw = False
37.5686 	EXP 	trial_text: foreColor = <psychopy.colors.Color: blue, alpha=1.0>
37.5686 	EXP 	trial_text: height = 0.05
37.5686 	EXP 	trial_text: height = 0.05
37.5686 	EXP 	trial_text: height = 0.05
37.5686 	EXP 	trial_text: text = 'RED'
37.5686 	EXP 	trial_text: autoDraw = True
37.7750 	EXP 	New trial (rep=1, index=3): OrderedDict([('word', 'RED'), ('color', 'red'), ('congruency', 'congruent')])
37.7758 	DATA 	Keypress: r
37.7855 	EXP 	trial_text: autoDraw = False
37.7855 	EXP 	trial_text: foreColor = <psychopy.colors.Color: red, alpha=1.0>
37.7855 	EXP 	trial_text: text = 'RED'
37.7855 	EXP 	trial_text: autoDraw = True
38.0246 	EXP 	New trial (rep=1, index=4): OrderedDict([('word', 'GREEN'), ('color', 'green'), ('congruency', 'congruent')])
38.0267 	DATA 	Keypress: r
38.0355 	EXP 	trial_text: autoDraw = False
38.0355 	EXP 	trial_text: foreColor = <psychopy.colors.Color: green, alpha=1.0>
38.0355 	EXP 	trial_text: height = 0.05
38.0355 	EXP 	trial_text: height = 0.05
38.0355 	EXP 	trial_text: height = 0.05
38.0355 	EXP 	trial_text: text = 'GREEN'
38.0355 	EXP 	trial_text: autoDraw = True
38.2809 	EXP 	New trial (rep=1, index=5): OrderedDict([('word', 'GREEN'), ('color', 'red'), ('congruency', 'incongruent')])
38.2817 	DATA 	Keypress: r
38.2859 	EXP 	trial_text: autoDraw = False
38.2859 	EXP 	trial_text: foreColor = <psychopy.colors.Color: red, alpha=1.0>
38.2859 	EXP 	trial_text: text = 'GREEN'
38.2859 	EXP 	trial_text: autoDraw = True
40.0055 	EXP 	Created sequence: random, trialTypes=1, nReps=0, seed=None
40.0057 	EXP 	New trial (rep=0, index=3): OrderedDict([('task_name', 'Math'), ('duration', 20), ('task_type', 'math'), ('task_parameters', "{'filename': 'math-', 'max_value': 40, 'presentation_duration': 2}"), ('start_trigger', 134), ('end_trigger', 135)])
40.0062 	EXP 	Created sequence: random, trialTypes=1, nReps=0, seed=None
40.0064 	EXP 	Created sequence: sequential, trialTypes=1, nReps=0, seed=None
40.0066 	EXP 	Created sequence: random, trialTypes=1, nReps=0, seed=None
40.0068 	EXP 	Created sequence: random, trialTypes=1, nReps=1, seed=None
40.0069 	EXP 	New trial (rep=0, index=0): None
40.0089 	EXP 	Imported math_stim.csv as conditions, 4 conditions, 1 params
40.0091 	EXP 	Created sequence: random, trialTypes=4, nReps=1, seed=None
40.0093 	EXP 	New trial (rep=0, index=0): OrderedDict([('trial_sign', 'addition')])
40.0371 	EXP 	trial_text: autoDraw = False
40.0371 	EXP 	text_4: height = 0.05
40.0371 	EXP 	text_4: height = 0.05
40.0371 	EXP 	text_4: height = 0.05
40.0371 	EXP 	text_4: text = 1
40.0371 	EXP 	text_6: height = 0.05
40.0371 	EXP 	text_6: height = 0.05
40.0371 	EXP 	text_6: height = 0.05
40.0371 	EXP 	text_6: text = 2
40.0371 	EXP 	text_8: height = 0.05
40.0371 	EXP 	text_8: height = 0.05
40.0371 	EXP 	text_8: height = 0.05
40.0371 	EXP 	text_8: text = '+'
40.0371 	EXP 	text_4: autoDraw = True
40.0371 	EXP 	text_6: autoDraw = True
40.0371 	EXP 	text_8: autoDraw = True
40.0371 	EXP 	textbox_2: autoDraw = True
43.4276 	DATA 	Keypress: 3
44.5605 	DATA 	Keypress: return
44.6575 	EXP 	text_4: autoDraw = False
44.6575 	EXP 	text_6: autoDraw = False
44.6575 	EXP 	text_8: autoDraw = False
44.6575 	EXP 	textbox_2: autoDraw = False
44.6575 	EXP 	feedback_text_2: height = 0.05
44.6575 	EXP 	feedback_text_2: height = 0.05
44.6575 	EXP 	feedback_text_2: height = 0.05
44.6575 	EXP 	feedback_text_2: text = 'Correct!'
44.6575 	EXP 	feedback_text_2: autoDraw = True
44.6575 	EXP 	text_9: autoDraw = True
45.5092 	EXP 	New trial (rep=0, index=1): OrderedDict([('trial_sign', 'multiplication')])
45.5178 	DATA 	Keypress: space
45.5265 	EXP 	feedback_text_2: autoDraw = False
45.5265 	EXP 	text_9: autoDraw = False
45.5265 	EXP 	text_4: height = 0.05
45.5265 	EXP 	text_4: height = 0.05
45.5265 	EXP 	text_4: height = 0.05
45.5265 	EXP 	text_4: text = 8
45.5265 	EXP 	text_6: height = 0.05
45.5265 	EXP 	text_6: height = 0.05
45.5265 	EXP 	text_6: height = 0.05
45.5265 	EXP 	text_6: text = 8
45.5265 	EXP 	text_8: height = 0.05
45.5265 	EXP 	text_8: height = 0.05
45.5265 	EXP 	text_8: height = 0.05
45.5265 	EXP 	text_8: text = 'x'
45.5265 	EXP 	text_4: autoDraw = True
45.5265 	EXP 	text_6: autoDraw = True
45.5265 	EXP 	text_8: autoDraw = True
45.5265 	EXP 	textbox_2: autoDraw = True
46.2952 	DATA 	Keypress: 4
47.4127 	DATA 	Keypress: return
47.4930 	EXP 	text_4: autoDraw = False
47.4930 	EXP 	text_6: autoDraw = False
47.4930 	EXP 	text_8: autoDraw = False
47.4930 	EXP 	textbox_2: autoDraw = False
47.4930 	EXP 	feedback_text_2: height = 0.05
47.4930 	EXP 	feedback_text_2: height = 0.05
47.4930 	EXP 	feedback_text_2: height = 0.05
47.4930 	EXP 	feedback_text_2: text = 'That was incorrect. The correct answer was 64.'
47.4930 	EXP 	feedback_text_2: autoDraw = True
47.4930 	EXP 	text_9: autoDraw = True
48.1285 	EXP 	New trial (rep=0, index=2): OrderedDict([('trial_sign', 'subtraction')])
48.1395 	DATA 	Keypress: space
48.1441 	EXP 	feedback_text_2: autoDraw = False
48.1441 	EXP 	text_9: autoDraw = False
48.1441 	EXP 	text_4: height = 0.05
48.1441 	EXP 	text_4: height = 0.05
48.1441 	EXP 	text_4: height = 0.05
48.1441 	EXP 	text_4: text = 9
48.1441 	EXP 	text_6: height = 0.05
48.1441 	EXP 	text_6: height = 0.05
48.1441 	EXP 	text_6: height = 0.05
48.1441 	EXP 	text_6: text = 7
48.1441 	EXP 	text_8: height = 0.05
48.1441 	EXP 	text_8: height = 0.05
48.1441 	EXP 	text_8: height = 0.05
48.1441 	EXP 	text_8: text = '-'
48.1441 	EXP 	text_4: autoDraw = True
48.1441 	EXP 	text_6: autoDraw = True
48.1441 	EXP 	text_8: autoDraw = True
48.1441 	EXP 	textbox_2: autoDraw = True
48.5303 	DATA 	Keypress: 4
49.1639 	DATA 	Keypress: return
49.3444 	EXP 	text_4: autoDraw = False
49.3444 	EXP 	text_6: autoDraw = False
49.3444 	EXP 	text_8: autoDraw = False
49.3444 	EXP 	textbox_2: autoDraw = False
49.3444 	EXP 	feedback_text_2: height = 0.05
49.3444 	EXP 	feedback_text_2: height = 0.05
49.3444 	EXP 	feedback_text_2: height = 0.05
49.3444 	EXP 	feedback_text_2: text = 'That was incorrect. The correct answer was 2.'
49.3444 	EXP 	feedback_text_2: autoDraw = True
49.3444 	EXP 	text_9: autoDraw = True
50.5966 	EXP 	New trial (rep=0, index=3): OrderedDict([('trial_sign', 'division')])
50.6070 	DATA 	Keypress: space
50.6121 	EXP 	feedback_text_2: autoDraw = False
50.6121 	EXP 	text_9: autoDraw = False
50.6121 	EXP 	text_4: height = 0.05
50.6121 	EXP 	text_4: height = 0.05
50.6121 	EXP 	text_4: height = 0.05
50.6121 	EXP 	text_4: text = 1
50.6121 	EXP 	text_6: height = 0.05
50.6121 	EXP 	text_6: height = 0.05
50.6121 	EXP 	text_6: height = 0.05
50.6121 	EXP 	text_6: text = 10
50.6121 	EXP 	text_8: height = 0.05
50.6121 	EXP 	text_8: height = 0.05
50.6121 	EXP 	text_8: height = 0.05
50.6121 	EXP 	text_8: text = '/'
50.6121 	EXP 	text_4: autoDraw = True
50.6121 	EXP 	text_6: autoDraw = True
50.6121 	EXP 	text_8: autoDraw = True
50.6121 	EXP 	textbox_2: autoDraw = True
50.9323 	DATA 	Keypress: 3
51.2833 	DATA 	Keypress: return
51.4459 	EXP 	text_4: autoDraw = False
51.4459 	EXP 	text_6: autoDraw = False
51.4459 	EXP 	text_8: autoDraw = False
51.4459 	EXP 	textbox_2: autoDraw = False
51.4459 	EXP 	feedback_text_2: height = 0.05
51.4459 	EXP 	feedback_text_2: height = 0.05
51.4459 	EXP 	feedback_text_2: height = 0.05
51.4459 	EXP 	feedback_text_2: text = 'That was incorrect. The correct answer was 0.1.'
51.4459 	EXP 	feedback_text_2: autoDraw = True
51.4459 	EXP 	text_9: autoDraw = True
52.0181 	EXP 	Imported math_stim.csv as conditions, 4 conditions, 1 params
52.0795 	EXP 	Created sequence: random, trialTypes=4, nReps=10000, seed=None
52.0993 	EXP 	New trial (rep=0, index=0): OrderedDict([('trial_sign', 'division')])
52.1051 	DATA 	Keypress: space
52.1132 	EXP 	feedback_text_2: autoDraw = False
52.1132 	EXP 	text_9: autoDraw = False
52.1132 	EXP 	text: height = 0.05
52.1132 	EXP 	text: height = 0.05
52.1132 	EXP 	text: height = 0.05
52.1132 	EXP 	text: text = 9
52.1132 	EXP 	text_2: height = 0.05
52.1132 	EXP 	text_2: height = 0.05
52.1132 	EXP 	text_2: height = 0.05
52.1132 	EXP 	text_2: text = 5
52.1132 	EXP 	text_3: height = 0.05
52.1132 	EXP 	text_3: height = 0.05
52.1132 	EXP 	text_3: height = 0.05
52.1132 	EXP 	text_3: text = '/'
52.1132 	EXP 	text: autoDraw = True
52.1132 	EXP 	text_2: autoDraw = True
52.1132 	EXP 	text_3: autoDraw = True
52.1132 	EXP 	textbox: autoDraw = True
52.3494 	DATA 	Keypress: 3
52.8999 	DATA 	Keypress: return
53.0912 	EXP 	New trial (rep=0, index=1): OrderedDict([('trial_sign', 'subtraction')])
53.1137 	EXP 	text: autoDraw = False
53.1137 	EXP 	text_2: autoDraw = False
53.1137 	EXP 	text_3: autoDraw = False
53.1137 	EXP 	textbox: autoDraw = False
53.1137 	EXP 	text: height = 0.05
53.1137 	EXP 	text: height = 0.05
53.1137 	EXP 	text: height = 0.05
53.1137 	EXP 	text: text = 8
53.1137 	EXP 	text_2: height = 0.05
53.1137 	EXP 	text_2: height = 0.05
53.1137 	EXP 	text_2: height = 0.05
53.1137 	EXP 	text_2: text = 5
53.1137 	EXP 	text_3: height = 0.05
53.1137 	EXP 	text_3: height = 0.05
53.1137 	EXP 	text_3: height = 0.05
53.1137 	EXP 	text_3: text = '-'
53.1137 	EXP 	text: autoDraw = True
53.1137 	EXP 	text_2: autoDraw = True
53.1137 	EXP 	text_3: autoDraw = True
53.1137 	EXP 	textbox: autoDraw = True
53.9839 	DATA 	Keypress: escape
54.6124 	EXP 	window1: mouseVisible = True
